<?xml version="1.0" encoding="UTF-8"?>
<!-- Generated by org.testng.reporters.JUnitXMLReporter -->
<testsuite hostname="LP-5CG0435Q05" ignored="3" name="Test2" tests="3" failures="0" timestamp="09 Oct 2021 15:05:19 GMT" time="0.044" errors="0">
  <testcase name="Example1" time="0.01" classname="TestNg.PrasadGroups"/>
  <testcase name="Example3" time="0.001" classname="TestNg.PrasadGroups"/>
  <testcase name="Example5" time="0.002" classname="TestNg.PrasadGroups"/>
  <testcase name="Example2" time="0.0" classname="TestNg.PrasadGroups">
    <ignored/>
  </testcase> <!-- Example2 -->
  <testcase name="Example4" time="0.0" classname="TestNg.PrasadGroups">
    <ignored/>
  </testcase> <!-- Example4 -->
  <testcase name="Example6" time="0.0" classname="TestNg.PrasadGroups">
    <ignored/>
  </testcase> <!-- Example6 -->
</testsuite> <!-- Test2 -->
